<?xml version="1.0" encoding="UTF-8"?>
<!-- Generated by org.testng.reporters.JUnitXMLReporter -->
<testsuite ignored="0" hostname="DESKTOP-DNV1H71" failures="0" tests="3" name="Default test" time="37.536" errors="0" timestamp="2021-03-09T20:40:00 AEDT">
  <testcase classname="Testcases.Admintest" name="t1" time="15.868"/>
  <testcase classname="Testcases.Admintest" name="t2" time="8.318"/>
  <testcase classname="Testcases.Admintest" name="t3" time="8.996"/>
</testsuite> <!-- Default test -->
